==== LOG START ====
[1763922781766 ms] KEY 'i' cmd=0 0.000 -1.000
[1763922782193 ms] KEY 'l' cmd=0 1.000 0.000
[1763922783855 ms] KEY 'j' cmd=0 -1.000 0.000
[1763922785103 ms] KEY 'j' cmd=0 -1.000 0.000
[1763922785298 ms] KEY 'j' cmd=0 -1.000 0.000
[1763922786478 ms] KEY 'j' cmd=0 -1.000 0.000
[1763922786711 ms] KEY 'j' cmd=0 -1.000 0.000
[1763922787148 ms] KEY 'k' cmd=0 0.000 1.000
[1763922787395 ms] KEY 'k' cmd=0 0.000 1.000
[1763922790414 ms] KEY 'k' cmd=0 0.000 1.000
[1763922790718 ms] KEY 'k' cmd=0 0.000 1.000
[1763922790969 ms] KEY 'k' cmd=0 0.000 1.000
[1763922791216 ms] KEY 'k' cmd=0 0.000 1.000
[1763922791524 ms] KEY 'k' cmd=0 0.000 1.000
[1763922792571 ms] KEY 'i' cmd=0 0.000 -1.000
[1763922792923 ms] KEY 'i' cmd=0 0.000 -1.000
[1763922793246 ms] KEY 'i' cmd=0 0.000 -1.000
[1763922796451 ms] KEY 'i' cmd=0 0.000 -1.000
[1763922796716 ms] KEY 'i' cmd=0 0.000 -1.000
[1763922797016 ms] KEY 'i' cmd=0 0.000 -1.000
[1763922797548 ms] KEY 'l' cmd=0 1.000 0.000
[1763922797795 ms] KEY 'l' cmd=0 1.000 0.000
[1763922798189 ms] KEY 'k' cmd=0 0.000 1.000
[1763922798430 ms] KEY 'k' cmd=0 0.000 1.000
[1763922800450 ms] KEY ',' cmd=0 1.000 1.000
[1763922800682 ms] KEY ',' cmd=0 1.000 1.000
[1763922801336 ms] KEY 'n' cmd=0 -1.000 1.000
[1763922801981 ms] KEY ',' cmd=0 1.000 1.000
[1763922802540 ms] KEY 'n' cmd=0 -1.000 1.000
[1763922803129 ms] KEY ',' cmd=0 1.000 1.000
[1763922803724 ms] KEY 'n' cmd=0 -1.000 1.000
[1763922804322 ms] KEY ',' cmd=0 1.000 1.000
[1763922807532 ms] KEY 'q' cmd=9 0.000 0.000
